# Logfile created on 2016-04-06 02:14:19 +0200 by logger.rb/47272
D, [2016-04-06T02:14:19.316880 #6020] DEBUG -- : REQUESTING PAGE: GET /signup with {} and HTTP headers {}
D, [2016-04-06T02:14:19.379372 #6020] DEBUG -- : REQUESTING PAGE: GET /signup with {} and HTTP headers {}
D, [2016-04-06T02:15:53.325424 #3992] DEBUG -- : REQUESTING PAGE: GET /signup with {} and HTTP headers {}
D, [2016-04-06T02:15:53.341051 #3992] DEBUG -- : REQUESTING PAGE: GET /signup with {} and HTTP headers {}
D, [2016-04-06T02:26:49.284028 #3112] DEBUG -- : REQUESTING PAGE: GET /signup with {} and HTTP headers {}
D, [2016-04-06T02:26:49.299657 #3112] DEBUG -- : REQUESTING PAGE: POST /users with {"utf8"=>"✓", "user"=>{"nom"=>"", "email"=>"", "password"=>"", "password_confirmation"=>""}, "commit"=>"Inscription"} and HTTP headers {"HTTP_REFERER"=>"/signup"}
D, [2016-04-06T02:26:49.330909 #3112] DEBUG -- : REQUESTING PAGE: GET /signup with {} and HTTP headers {}
D, [2016-04-06T02:26:49.346531 #3112] DEBUG -- : REQUESTING PAGE: POST /users with {"utf8"=>"✓", "user"=>{"nom"=>"Example User", "email"=>"user@example.com", "password"=>"foobar", "password_confirmation"=>"foobar"}, "commit"=>"Inscription"} and HTTP headers {"HTTP_REFERER"=>"/signup"}
D, [2016-04-06T02:26:49.362158 #3112] DEBUG -- : REQUESTING PAGE: GET http://www.example.com/users/85 with {} and HTTP headers {"HTTP_REFERER"=>"/users"}
D, [2016-04-06T11:01:48.079740 #6752] DEBUG -- : REQUESTING PAGE: GET /signup with {} and HTTP headers {}
D, [2016-04-06T11:01:48.110994 #6752] DEBUG -- : REQUESTING PAGE: POST /users with {"utf8"=>"✓", "user"=>{"nom"=>"", "email"=>"", "password"=>"", "password_confirmation"=>""}, "commit"=>"Inscription"} and HTTP headers {"HTTP_REFERER"=>"/signup"}
D, [2016-04-06T11:01:48.157867 #6752] DEBUG -- : REQUESTING PAGE: GET /signup with {} and HTTP headers {}
D, [2016-04-06T11:01:48.173492 #6752] DEBUG -- : REQUESTING PAGE: POST /users with {"utf8"=>"✓", "user"=>{"nom"=>"Example User", "email"=>"user@example.com", "password"=>"foobar", "password_confirmation"=>"foobar"}, "commit"=>"Inscription"} and HTTP headers {"HTTP_REFERER"=>"/signup"}
D, [2016-04-06T11:01:48.173492 #6752] DEBUG -- : REQUESTING PAGE: GET http://www.example.com/users/104 with {} and HTTP headers {"HTTP_REFERER"=>"/users"}
D, [2016-04-06T11:13:58.769744 #5932] DEBUG -- : REQUESTING PAGE: GET /signup with {} and HTTP headers {}
D, [2016-04-06T11:13:58.785371 #5932] DEBUG -- : REQUESTING PAGE: POST /users with {"utf8"=>"✓", "user"=>{"nom"=>"", "email"=>"", "password"=>"", "password_confirmation"=>""}, "commit"=>"Inscription"} and HTTP headers {"HTTP_REFERER"=>"/signup"}
D, [2016-04-06T11:13:58.832246 #5932] DEBUG -- : REQUESTING PAGE: GET /signup with {} and HTTP headers {}
D, [2016-04-06T11:13:58.847873 #5932] DEBUG -- : REQUESTING PAGE: POST /users with {"utf8"=>"✓", "user"=>{"nom"=>"Example User", "email"=>"user@example.com", "password"=>"foobar", "password_confirmation"=>"foobar"}, "commit"=>"Inscription"} and HTTP headers {"HTTP_REFERER"=>"/signup"}
D, [2016-04-06T11:13:58.847873 #5932] DEBUG -- : REQUESTING PAGE: GET http://www.example.com/users/123 with {} and HTTP headers {"HTTP_REFERER"=>"/users"}
D, [2016-04-06T11:18:05.660672 #8000] DEBUG -- : REQUESTING PAGE: GET /signup with {} and HTTP headers {}
D, [2016-04-06T11:18:05.676301 #8000] DEBUG -- : REQUESTING PAGE: POST /users with {"utf8"=>"✓", "user"=>{"nom"=>"", "email"=>"", "password"=>"", "password_confirmation"=>""}, "commit"=>"Inscription"} and HTTP headers {"HTTP_REFERER"=>"/signup"}
D, [2016-04-06T11:18:05.723177 #8000] DEBUG -- : REQUESTING PAGE: GET /signup with {} and HTTP headers {}
D, [2016-04-06T11:18:05.723177 #8000] DEBUG -- : REQUESTING PAGE: POST /users with {"utf8"=>"✓", "user"=>{"nom"=>"Example User", "email"=>"user@example.com", "password"=>"foobar", "password_confirmation"=>"foobar"}, "commit"=>"Inscription"} and HTTP headers {"HTTP_REFERER"=>"/signup"}
D, [2016-04-06T11:18:05.738801 #8000] DEBUG -- : REQUESTING PAGE: GET http://www.example.com/users/142 with {} and HTTP headers {"HTTP_REFERER"=>"/users"}
D, [2016-04-06T11:20:50.338750 #7428] DEBUG -- : REQUESTING PAGE: GET /signup with {} and HTTP headers {}
D, [2016-04-06T11:20:50.370000 #7428] DEBUG -- : REQUESTING PAGE: POST /users with {"utf8"=>"✓", "user"=>{"nom"=>"", "email"=>"", "password"=>"", "password_confirmation"=>""}, "commit"=>"Inscription"} and HTTP headers {"HTTP_REFERER"=>"/signup"}
D, [2016-04-06T11:20:50.401250 #7428] DEBUG -- : REQUESTING PAGE: GET /signup with {} and HTTP headers {}
D, [2016-04-06T11:20:50.416876 #7428] DEBUG -- : REQUESTING PAGE: POST /users with {"utf8"=>"✓", "user"=>{"nom"=>"Example User", "email"=>"user@example.com", "password"=>"foobar", "password_confirmation"=>"foobar"}, "commit"=>"Inscription"} and HTTP headers {"HTTP_REFERER"=>"/signup"}
D, [2016-04-06T11:20:50.416876 #7428] DEBUG -- : REQUESTING PAGE: GET http://www.example.com/users/161 with {} and HTTP headers {"HTTP_REFERER"=>"/users"}
D, [2016-04-06T11:25:26.343282 #7104] DEBUG -- : REQUESTING PAGE: GET /signup with {} and HTTP headers {}
D, [2016-04-06T11:25:26.358912 #7104] DEBUG -- : REQUESTING PAGE: POST /users with {"utf8"=>"✓", "user"=>{"nom"=>"", "email"=>"", "password"=>"", "password_confirmation"=>""}, "commit"=>"Inscription"} and HTTP headers {"HTTP_REFERER"=>"/signup"}
D, [2016-04-06T11:25:26.390161 #7104] DEBUG -- : REQUESTING PAGE: GET /signup with {} and HTTP headers {}
D, [2016-04-06T11:25:26.405786 #7104] DEBUG -- : REQUESTING PAGE: POST /users with {"utf8"=>"✓", "user"=>{"nom"=>"Example User", "email"=>"user@example.com", "password"=>"foobar", "password_confirmation"=>"foobar"}, "commit"=>"Inscription"} and HTTP headers {"HTTP_REFERER"=>"/signup"}
D, [2016-04-06T11:25:26.421410 #7104] DEBUG -- : REQUESTING PAGE: GET http://www.example.com/users/180 with {} and HTTP headers {"HTTP_REFERER"=>"/users"}
D, [2016-04-06T11:29:53.831292 #7540] DEBUG -- : REQUESTING PAGE: GET /signup with {} and HTTP headers {}
D, [2016-04-06T11:29:53.862543 #7540] DEBUG -- : REQUESTING PAGE: POST /users with {"utf8"=>"✓", "user"=>{"nom"=>"", "email"=>"", "password"=>"", "password_confirmation"=>""}, "commit"=>"Inscription"} and HTTP headers {"HTTP_REFERER"=>"/signup"}
D, [2016-04-06T11:29:53.893792 #7540] DEBUG -- : REQUESTING PAGE: GET /signup with {} and HTTP headers {}
D, [2016-04-06T11:29:53.909417 #7540] DEBUG -- : REQUESTING PAGE: POST /users with {"utf8"=>"✓", "user"=>{"nom"=>"Example User", "email"=>"user@example.com", "password"=>"foobar", "password_confirmation"=>"foobar"}, "commit"=>"Inscription"} and HTTP headers {"HTTP_REFERER"=>"/signup"}
D, [2016-04-06T11:29:53.909417 #7540] DEBUG -- : REQUESTING PAGE: GET http://www.example.com/users/199 with {} and HTTP headers {"HTTP_REFERER"=>"/users"}
D, [2016-04-06T11:33:56.748530 #3492] DEBUG -- : REQUESTING PAGE: GET /signup with {} and HTTP headers {}
D, [2016-04-06T11:33:56.764158 #3492] DEBUG -- : REQUESTING PAGE: POST /users with {"utf8"=>"✓", "user"=>{"nom"=>"", "email"=>"", "password"=>"", "password_confirmation"=>""}, "commit"=>"Inscription"} and HTTP headers {"HTTP_REFERER"=>"/signup"}
D, [2016-04-06T11:33:56.795409 #3492] DEBUG -- : REQUESTING PAGE: GET /signup with {} and HTTP headers {}
D, [2016-04-06T11:33:56.811033 #3492] DEBUG -- : REQUESTING PAGE: POST /users with {"utf8"=>"✓", "user"=>{"nom"=>"Example User", "email"=>"user@example.com", "password"=>"foobar", "password_confirmation"=>"foobar"}, "commit"=>"Inscription"} and HTTP headers {"HTTP_REFERER"=>"/signup"}
D, [2016-04-06T11:33:56.826660 #3492] DEBUG -- : REQUESTING PAGE: GET http://www.example.com/users/218 with {} and HTTP headers {"HTTP_REFERER"=>"/users"}
D, [2016-04-06T11:37:00.750418 #3552] DEBUG -- : REQUESTING PAGE: GET /signup with {} and HTTP headers {}
D, [2016-04-06T11:37:00.766048 #3552] DEBUG -- : REQUESTING PAGE: POST /users with {"utf8"=>"✓", "user"=>{"nom"=>"", "email"=>"", "password"=>"", "password_confirmation"=>""}, "commit"=>"Inscription"} and HTTP headers {"HTTP_REFERER"=>"/signup"}
D, [2016-04-06T11:37:00.812921 #3552] DEBUG -- : REQUESTING PAGE: GET /signup with {} and HTTP headers {}
D, [2016-04-06T11:37:00.828549 #3552] DEBUG -- : REQUESTING PAGE: POST /users with {"utf8"=>"✓", "user"=>{"nom"=>"Example User", "email"=>"user@example.com", "password"=>"foobar", "password_confirmation"=>"foobar"}, "commit"=>"Inscription"} and HTTP headers {"HTTP_REFERER"=>"/signup"}
D, [2016-04-06T11:37:00.828549 #3552] DEBUG -- : REQUESTING PAGE: GET http://www.example.com/users/237 with {} and HTTP headers {"HTTP_REFERER"=>"/users"}
D, [2016-04-06T11:38:21.661084 #5760] DEBUG -- : REQUESTING PAGE: GET /signup with {} and HTTP headers {}
D, [2016-04-06T11:38:21.676713 #5760] DEBUG -- : REQUESTING PAGE: POST /users with {"utf8"=>"✓", "user"=>{"nom"=>"", "email"=>"", "password"=>"", "password_confirmation"=>""}, "commit"=>"Inscription"} and HTTP headers {"HTTP_REFERER"=>"/signup"}
D, [2016-04-06T11:38:21.723589 #5760] DEBUG -- : REQUESTING PAGE: GET /signup with {} and HTTP headers {}
D, [2016-04-06T11:38:21.723589 #5760] DEBUG -- : REQUESTING PAGE: POST /users with {"utf8"=>"✓", "user"=>{"nom"=>"Example User", "email"=>"user@example.com", "password"=>"foobar", "password_confirmation"=>"foobar"}, "commit"=>"Inscription"} and HTTP headers {"HTTP_REFERER"=>"/signup"}
D, [2016-04-06T11:38:21.739214 #5760] DEBUG -- : REQUESTING PAGE: GET http://www.example.com/users/256 with {} and HTTP headers {"HTTP_REFERER"=>"/users"}
D, [2016-04-06T11:43:42.055389 #5972] DEBUG -- : REQUESTING PAGE: GET /signup with {} and HTTP headers {}
D, [2016-04-06T11:43:42.086643 #5972] DEBUG -- : REQUESTING PAGE: POST /users with {"utf8"=>"✓", "user"=>{"nom"=>"", "email"=>"", "password"=>"", "password_confirmation"=>""}, "commit"=>"Inscription"} and HTTP headers {"HTTP_REFERER"=>"/signup"}
D, [2016-04-06T11:43:42.117891 #5972] DEBUG -- : REQUESTING PAGE: GET /signup with {} and HTTP headers {}
D, [2016-04-06T11:43:42.133519 #5972] DEBUG -- : REQUESTING PAGE: POST /users with {"utf8"=>"✓", "user"=>{"nom"=>"Example User", "email"=>"user@example.com", "password"=>"foobar", "password_confirmation"=>"foobar"}, "commit"=>"Inscription"} and HTTP headers {"HTTP_REFERER"=>"/signup"}
D, [2016-04-06T11:43:42.133519 #5972] DEBUG -- : REQUESTING PAGE: GET http://www.example.com/users/275 with {} and HTTP headers {"HTTP_REFERER"=>"/users"}
D, [2016-04-06T11:45:34.390431 #1308] DEBUG -- : REQUESTING PAGE: GET /signup with {} and HTTP headers {}
D, [2016-04-06T11:45:34.406058 #1308] DEBUG -- : REQUESTING PAGE: POST /users with {"utf8"=>"✓", "user"=>{"nom"=>"", "email"=>"", "password"=>"", "password_confirmation"=>""}, "commit"=>"Inscription"} and HTTP headers {"HTTP_REFERER"=>"/signup"}
D, [2016-04-06T11:45:34.437306 #1308] DEBUG -- : REQUESTING PAGE: GET /signup with {} and HTTP headers {}
D, [2016-04-06T11:45:34.452934 #1308] DEBUG -- : REQUESTING PAGE: POST /users with {"utf8"=>"✓", "user"=>{"nom"=>"Example User", "email"=>"user@example.com", "password"=>"foobar", "password_confirmation"=>"foobar"}, "commit"=>"Inscription"} and HTTP headers {"HTTP_REFERER"=>"/signup"}
D, [2016-04-06T11:45:34.452934 #1308] DEBUG -- : REQUESTING PAGE: GET http://www.example.com/users/294 with {} and HTTP headers {"HTTP_REFERER"=>"/users"}
D, [2016-04-06T11:52:15.013864 #8132] DEBUG -- : REQUESTING PAGE: GET /signup with {} and HTTP headers {}
D, [2016-04-06T11:52:15.029490 #8132] DEBUG -- : REQUESTING PAGE: POST /users with {"utf8"=>"✓", "user"=>{"nom"=>"", "email"=>"", "password"=>"", "password_confirmation"=>""}, "commit"=>"Inscription"} and HTTP headers {"HTTP_REFERER"=>"/signup"}
D, [2016-04-06T11:52:15.060744 #8132] DEBUG -- : REQUESTING PAGE: GET /signup with {} and HTTP headers {}
D, [2016-04-06T11:52:15.076368 #8132] DEBUG -- : REQUESTING PAGE: POST /users with {"utf8"=>"✓", "user"=>{"nom"=>"Example User", "email"=>"user@example.com", "password"=>"foobar", "password_confirmation"=>"foobar"}, "commit"=>"Inscription"} and HTTP headers {"HTTP_REFERER"=>"/signup"}
D, [2016-04-06T11:52:15.091990 #8132] DEBUG -- : REQUESTING PAGE: GET http://www.example.com/users/313 with {} and HTTP headers {"HTTP_REFERER"=>"/users"}
D, [2016-04-06T12:36:23.895837 #4200] DEBUG -- : REQUESTING PAGE: GET /signup with {} and HTTP headers {}
D, [2016-04-06T12:36:23.911462 #4200] DEBUG -- : REQUESTING PAGE: POST /users with {"utf8"=>"✓", "user"=>{"nom"=>"", "email"=>"", "password"=>"", "password_confirmation"=>""}, "commit"=>"Inscription"} and HTTP headers {"HTTP_REFERER"=>"/signup"}
D, [2016-04-06T12:36:23.942708 #4200] DEBUG -- : REQUESTING PAGE: GET /signup with {} and HTTP headers {}
D, [2016-04-06T12:36:23.958342 #4200] DEBUG -- : REQUESTING PAGE: POST /users with {"utf8"=>"✓", "user"=>{"nom"=>"Example User", "email"=>"user@example.com", "password"=>"foobar", "password_confirmation"=>"foobar"}, "commit"=>"Inscription"} and HTTP headers {"HTTP_REFERER"=>"/signup"}
D, [2016-04-06T12:36:23.973960 #4200] DEBUG -- : REQUESTING PAGE: GET http://www.example.com/users/332 with {} and HTTP headers {"HTTP_REFERER"=>"/users"}
D, [2016-04-06T12:39:39.587446 #6588] DEBUG -- : REQUESTING PAGE: GET /signup with {} and HTTP headers {}
D, [2016-04-06T12:39:39.618699 #6588] DEBUG -- : REQUESTING PAGE: POST /users with {"utf8"=>"✓", "user"=>{"nom"=>"", "email"=>"", "password"=>"", "password_confirmation"=>""}, "commit"=>"Inscription"} and HTTP headers {"HTTP_REFERER"=>"/signup"}
D, [2016-04-06T12:39:39.649947 #6588] DEBUG -- : REQUESTING PAGE: GET /signup with {} and HTTP headers {}
D, [2016-04-06T12:39:39.665575 #6588] DEBUG -- : REQUESTING PAGE: POST /users with {"utf8"=>"✓", "user"=>{"nom"=>"Example User", "email"=>"user@example.com", "password"=>"foobar", "password_confirmation"=>"foobar"}, "commit"=>"Inscription"} and HTTP headers {"HTTP_REFERER"=>"/signup"}
D, [2016-04-06T12:39:39.665575 #6588] DEBUG -- : REQUESTING PAGE: GET http://www.example.com/users/351 with {} and HTTP headers {"HTTP_REFERER"=>"/users"}
D, [2016-04-06T12:40:37.358940 #3952] DEBUG -- : REQUESTING PAGE: GET /signup with {} and HTTP headers {}
D, [2016-04-06T12:40:37.374566 #3952] DEBUG -- : REQUESTING PAGE: POST /users with {"utf8"=>"✓", "user"=>{"nom"=>"", "email"=>"", "password"=>"", "password_confirmation"=>""}, "commit"=>"Inscription"} and HTTP headers {"HTTP_REFERER"=>"/signup"}
D, [2016-04-06T12:40:37.421444 #3952] DEBUG -- : REQUESTING PAGE: GET /signup with {} and HTTP headers {}
D, [2016-04-06T12:40:37.437069 #3952] DEBUG -- : REQUESTING PAGE: POST /users with {"utf8"=>"✓", "user"=>{"nom"=>"Example User", "email"=>"user@example.com", "password"=>"foobar", "password_confirmation"=>"foobar"}, "commit"=>"Inscription"} and HTTP headers {"HTTP_REFERER"=>"/signup"}
D, [2016-04-06T12:40:37.437069 #3952] DEBUG -- : REQUESTING PAGE: GET http://www.example.com/users/370 with {} and HTTP headers {"HTTP_REFERER"=>"/users"}
D, [2016-04-06T12:47:19.427640 #4524] DEBUG -- : REQUESTING PAGE: GET /signup with {} and HTTP headers {}
D, [2016-04-06T12:47:19.443266 #4524] DEBUG -- : REQUESTING PAGE: POST /users with {"utf8"=>"✓", "user"=>{"nom"=>"", "email"=>"", "password"=>"", "password_confirmation"=>""}, "commit"=>"Inscription"} and HTTP headers {"HTTP_REFERER"=>"/signup"}
D, [2016-04-06T12:47:19.474521 #4524] DEBUG -- : REQUESTING PAGE: GET /signup with {} and HTTP headers {}
D, [2016-04-06T12:47:19.490144 #4524] DEBUG -- : REQUESTING PAGE: POST /users with {"utf8"=>"✓", "user"=>{"nom"=>"Example User", "email"=>"user@example.com", "password"=>"foobar", "password_confirmation"=>"foobar"}, "commit"=>"Inscription"} and HTTP headers {"HTTP_REFERER"=>"/signup"}
D, [2016-04-06T12:47:19.490144 #4524] DEBUG -- : REQUESTING PAGE: GET http://www.example.com/users/389 with {} and HTTP headers {"HTTP_REFERER"=>"/users"}
D, [2016-04-06T12:48:18.149720 #448] DEBUG -- : REQUESTING PAGE: GET /signup with {} and HTTP headers {}
D, [2016-04-06T12:48:18.165347 #448] DEBUG -- : REQUESTING PAGE: POST /users with {"utf8"=>"✓", "user"=>{"nom"=>"", "email"=>"", "password"=>"", "password_confirmation"=>""}, "commit"=>"Inscription"} and HTTP headers {"HTTP_REFERER"=>"/signup"}
D, [2016-04-06T12:48:18.196598 #448] DEBUG -- : REQUESTING PAGE: GET /signup with {} and HTTP headers {}
D, [2016-04-06T12:48:18.212223 #448] DEBUG -- : REQUESTING PAGE: POST /users with {"utf8"=>"✓", "user"=>{"nom"=>"Example User", "email"=>"user@example.com", "password"=>"foobar", "password_confirmation"=>"foobar"}, "commit"=>"Inscription"} and HTTP headers {"HTTP_REFERER"=>"/signup"}
D, [2016-04-06T12:48:18.227849 #448] DEBUG -- : REQUESTING PAGE: GET http://www.example.com/users/408 with {} and HTTP headers {"HTTP_REFERER"=>"/users"}
D, [2016-04-06T12:48:52.701677 #3424] DEBUG -- : REQUESTING PAGE: GET /signup with {} and HTTP headers {}
D, [2016-04-06T12:48:52.732932 #3424] DEBUG -- : REQUESTING PAGE: POST /users with {"utf8"=>"✓", "user"=>{"nom"=>"", "email"=>"", "password"=>"", "password_confirmation"=>""}, "commit"=>"Inscription"} and HTTP headers {"HTTP_REFERER"=>"/signup"}
D, [2016-04-06T12:48:52.764180 #3424] DEBUG -- : REQUESTING PAGE: GET /signup with {} and HTTP headers {}
D, [2016-04-06T12:48:52.779808 #3424] DEBUG -- : REQUESTING PAGE: POST /users with {"utf8"=>"✓", "user"=>{"nom"=>"Example User", "email"=>"user@example.com", "password"=>"foobar", "password_confirmation"=>"foobar"}, "commit"=>"Inscription"} and HTTP headers {"HTTP_REFERER"=>"/signup"}
D, [2016-04-06T12:48:52.779808 #3424] DEBUG -- : REQUESTING PAGE: GET http://www.example.com/users/427 with {} and HTTP headers {"HTTP_REFERER"=>"/users"}
D, [2016-04-06T12:50:04.585869 #5764] DEBUG -- : REQUESTING PAGE: GET /signup with {} and HTTP headers {}
D, [2016-04-06T12:50:04.601497 #5764] DEBUG -- : REQUESTING PAGE: POST /users with {"utf8"=>"✓", "user"=>{"nom"=>"", "email"=>"", "password"=>"", "password_confirmation"=>""}, "commit"=>"Inscription"} and HTTP headers {"HTTP_REFERER"=>"/signup"}
D, [2016-04-06T12:50:04.648369 #5764] DEBUG -- : REQUESTING PAGE: GET /signup with {} and HTTP headers {}
D, [2016-04-06T12:50:04.663998 #5764] DEBUG -- : REQUESTING PAGE: POST /users with {"utf8"=>"✓", "user"=>{"nom"=>"Example User", "email"=>"user@example.com", "password"=>"foobar", "password_confirmation"=>"foobar"}, "commit"=>"Inscription"} and HTTP headers {"HTTP_REFERER"=>"/signup"}
D, [2016-04-06T12:50:04.663998 #5764] DEBUG -- : REQUESTING PAGE: GET http://www.example.com/users/446 with {} and HTTP headers {"HTTP_REFERER"=>"/users"}
D, [2016-04-06T12:51:25.049800 #7476] DEBUG -- : REQUESTING PAGE: GET /signup with {} and HTTP headers {}
D, [2016-04-06T12:51:25.081051 #7476] DEBUG -- : REQUESTING PAGE: POST /users with {"utf8"=>"✓", "user"=>{"nom"=>"", "email"=>"", "password"=>"", "password_confirmation"=>""}, "commit"=>"Inscription"} and HTTP headers {"HTTP_REFERER"=>"/signup"}
D, [2016-04-06T12:51:25.112303 #7476] DEBUG -- : REQUESTING PAGE: GET /signup with {} and HTTP headers {}
D, [2016-04-06T12:51:25.127930 #7476] DEBUG -- : REQUESTING PAGE: POST /users with {"utf8"=>"✓", "user"=>{"nom"=>"Example User", "email"=>"user@example.com", "password"=>"foobar", "password_confirmation"=>"foobar"}, "commit"=>"Inscription"} and HTTP headers {"HTTP_REFERER"=>"/signup"}
D, [2016-04-06T12:51:25.127930 #7476] DEBUG -- : REQUESTING PAGE: GET http://www.example.com/users/465 with {} and HTTP headers {"HTTP_REFERER"=>"/users"}
D, [2016-04-06T12:53:50.306039 #7156] DEBUG -- : REQUESTING PAGE: GET /signup with {} and HTTP headers {}
D, [2016-04-06T12:53:50.321668 #7156] DEBUG -- : REQUESTING PAGE: POST /users with {"utf8"=>"✓", "user"=>{"nom"=>"", "email"=>"", "password"=>"", "password_confirmation"=>""}, "commit"=>"Inscription"} and HTTP headers {"HTTP_REFERER"=>"/signup"}
D, [2016-04-06T12:53:50.352917 #7156] DEBUG -- : REQUESTING PAGE: GET /signup with {} and HTTP headers {}
D, [2016-04-06T12:53:50.368546 #7156] DEBUG -- : REQUESTING PAGE: POST /users with {"utf8"=>"✓", "user"=>{"nom"=>"Example User", "email"=>"user@example.com", "password"=>"foobar", "password_confirmation"=>"foobar"}, "commit"=>"Inscription"} and HTTP headers {"HTTP_REFERER"=>"/signup"}
D, [2016-04-06T12:53:50.368546 #7156] DEBUG -- : REQUESTING PAGE: GET http://www.example.com/users/484 with {} and HTTP headers {"HTTP_REFERER"=>"/users"}
D, [2016-04-06T13:25:26.581362 #6072] DEBUG -- : REQUESTING PAGE: GET /signup with {} and HTTP headers {}
D, [2016-04-06T13:25:26.596988 #6072] DEBUG -- : REQUESTING PAGE: POST /users with {"utf8"=>"✓", "user"=>{"nom"=>"", "email"=>"", "password"=>"", "password_confirmation"=>""}, "commit"=>"Inscription"} and HTTP headers {"HTTP_REFERER"=>"/signup"}
D, [2016-04-06T13:32:01.393012 #5932] DEBUG -- : REQUESTING PAGE: GET /signup with {} and HTTP headers {}
D, [2016-04-06T13:32:01.408641 #5932] DEBUG -- : REQUESTING PAGE: POST /users with {"utf8"=>"✓", "user"=>{"nom"=>"", "email"=>"", "password"=>"", "password_confirmation"=>""}, "commit"=>"Inscription"} and HTTP headers {"HTTP_REFERER"=>"/signup"}
D, [2016-04-06T13:33:05.510982 #392] DEBUG -- : REQUESTING PAGE: GET /signup with {} and HTTP headers {}
D, [2016-04-06T13:33:05.526606 #392] DEBUG -- : REQUESTING PAGE: POST /users with {"utf8"=>"✓", "user"=>{"nom"=>"", "email"=>"", "password"=>"", "password_confirmation"=>""}, "commit"=>"Inscription"} and HTTP headers {"HTTP_REFERER"=>"/signup"}
D, [2016-04-06T13:35:39.212124 #1640] DEBUG -- : REQUESTING PAGE: GET /signup with {} and HTTP headers {}
D, [2016-04-06T13:35:39.227749 #1640] DEBUG -- : REQUESTING PAGE: POST /users with {"utf8"=>"✓", "user"=>{"nom"=>"", "email"=>"", "password"=>"", "password_confirmation"=>""}, "commit"=>"Inscription"} and HTTP headers {"HTTP_REFERER"=>"/signup"}
D, [2016-04-06T13:37:24.030894 #5580] DEBUG -- : REQUESTING PAGE: GET /signup with {} and HTTP headers {}
D, [2016-04-06T13:37:24.046518 #5580] DEBUG -- : REQUESTING PAGE: POST /users with {"utf8"=>"✓", "user"=>{"nom"=>"", "email"=>"", "password"=>"", "password_confirmation"=>""}, "commit"=>"Inscription"} and HTTP headers {"HTTP_REFERER"=>"/signup"}
D, [2016-04-06T13:38:46.416385 #4992] DEBUG -- : REQUESTING PAGE: GET /signup with {} and HTTP headers {}
D, [2016-04-06T13:38:46.447637 #4992] DEBUG -- : REQUESTING PAGE: POST /users with {"utf8"=>"✓", "user"=>{"nom"=>"", "email"=>"", "password"=>"", "password_confirmation"=>""}, "commit"=>"Inscription"} and HTTP headers {"HTTP_REFERER"=>"/signup"}
D, [2016-04-06T13:49:02.307616 #208] DEBUG -- : REQUESTING PAGE: GET /signup with {} and HTTP headers {}
D, [2016-04-06T13:49:02.338868 #208] DEBUG -- : REQUESTING PAGE: POST /users with {"utf8"=>"✓", "user"=>{"nom"=>"", "email"=>"", "password"=>"", "password_confirmation"=>""}, "commit"=>"Inscription"} and HTTP headers {"HTTP_REFERER"=>"/signup"}
D, [2016-04-06T13:52:06.208550 #7464] DEBUG -- : REQUESTING PAGE: GET /signup with {} and HTTP headers {}
D, [2016-04-06T13:52:06.224175 #7464] DEBUG -- : REQUESTING PAGE: POST /users with {"utf8"=>"✓", "user"=>{"nom"=>"", "email"=>"", "password"=>"", "password_confirmation"=>""}, "commit"=>"Inscription"} and HTTP headers {"HTTP_REFERER"=>"/signup"}
D, [2016-04-06T13:52:50.711897 #7656] DEBUG -- : REQUESTING PAGE: GET /signup with {} and HTTP headers {}
D, [2016-04-06T13:52:50.727526 #7656] DEBUG -- : REQUESTING PAGE: POST /users with {"utf8"=>"✓", "user"=>{"nom"=>"", "email"=>"", "password"=>"", "password_confirmation"=>""}, "commit"=>"Inscription"} and HTTP headers {"HTTP_REFERER"=>"/signup"}
D, [2016-04-06T14:00:42.989098 #3612] DEBUG -- : REQUESTING PAGE: GET /signup with {} and HTTP headers {}
D, [2016-04-06T14:00:43.004724 #3612] DEBUG -- : REQUESTING PAGE: POST /users with {"utf8"=>"✓", "user"=>{"nom"=>"", "email"=>"", "password"=>"", "password_confirmation"=>""}, "commit"=>"Inscription"} and HTTP headers {"HTTP_REFERER"=>"/signup"}
D, [2016-04-06T14:07:54.712491 #6928] DEBUG -- : REQUESTING PAGE: GET /signup with {} and HTTP headers {}
D, [2016-04-06T14:07:54.728117 #6928] DEBUG -- : REQUESTING PAGE: POST /users with {"utf8"=>"✓", "user"=>{"nom"=>"", "email"=>"", "password"=>"", "password_confirmation"=>""}, "commit"=>"Inscription"} and HTTP headers {"HTTP_REFERER"=>"/signup"}
D, [2016-04-06T14:34:16.971229 #8168] DEBUG -- : REQUESTING PAGE: GET /signup with {} and HTTP headers {}
D, [2016-04-06T14:34:16.986857 #8168] DEBUG -- : REQUESTING PAGE: POST /users with {"utf8"=>"✓", "user"=>{"nom"=>"", "email"=>"", "password"=>"", "password_confirmation"=>""}, "commit"=>"Inscription"} and HTTP headers {"HTTP_REFERER"=>"/signup"}
D, [2016-04-06T14:36:05.384878 #3212] DEBUG -- : REQUESTING PAGE: GET /signup with {} and HTTP headers {}
D, [2016-04-06T14:36:05.400504 #3212] DEBUG -- : REQUESTING PAGE: POST /users with {"utf8"=>"✓", "user"=>{"nom"=>"", "email"=>"", "password"=>"", "password_confirmation"=>""}, "commit"=>"Inscription"} and HTTP headers {"HTTP_REFERER"=>"/signup"}
D, [2016-04-06T14:47:41.280429 #3164] DEBUG -- : REQUESTING PAGE: GET /signup with {} and HTTP headers {}
D, [2016-04-06T14:47:41.296057 #3164] DEBUG -- : REQUESTING PAGE: POST /users with {"utf8"=>"✓", "user"=>{"nom"=>"", "email"=>"", "password"=>"", "password_confirmation"=>""}, "commit"=>"Inscription"} and HTTP headers {"HTTP_REFERER"=>"/signup"}
D, [2016-04-06T14:51:34.681944 #2460] DEBUG -- : REQUESTING PAGE: GET /signup with {} and HTTP headers {}
D, [2016-04-06T14:51:34.713196 #2460] DEBUG -- : REQUESTING PAGE: POST /users with {"utf8"=>"✓", "user"=>{"nom"=>"", "email"=>"", "password"=>"", "password_confirmation"=>""}, "commit"=>"Inscription"} and HTTP headers {"HTTP_REFERER"=>"/signup"}
